CRITICAL - 2020-07-04 14:35:36 --> Undefined variable: title
#0 C:\XAMPP\htdocs\pensci4\app\Views\templates\base.php(21): CodeIgniter\Debug\Exceptions->errorHandler(8, 'Undefined varia...', 'C:\\XAMPP\\htdocs...', 21, Array)
#1 C:\XAMPP\htdocs\pensci4\vendor\codeigniter4\framework\system\View\View.php(246): include('C:\\XAMPP\\htdocs...')
#2 C:\XAMPP\htdocs\pensci4\vendor\codeigniter4\framework\system\View\View.php(257): CodeIgniter\View\View->render('templates/base', Array, true)
#3 C:\XAMPP\htdocs\pensci4\vendor\codeigniter4\framework\system\Common.php(1087): CodeIgniter\View\View->render('pages/beranda', Array, true)
#4 C:\XAMPP\htdocs\pensci4\app\Controllers\Pages.php(11): view('pages/beranda')
#5 C:\XAMPP\htdocs\pensci4\vendor\codeigniter4\framework\system\CodeIgniter.php(914): App\Controllers\Pages->index()
#6 C:\XAMPP\htdocs\pensci4\vendor\codeigniter4\framework\system\CodeIgniter.php(400): CodeIgniter\CodeIgniter->runController(Object(App\Controllers\Pages))
#7 C:\XAMPP\htdocs\pensci4\vendor\codeigniter4\framework\system\CodeIgniter.php(308): CodeIgniter\CodeIgniter->handleRequest(NULL, Object(Config\Cache), false)
#8 C:\XAMPP\htdocs\pensci4\public\index.php(45): CodeIgniter\CodeIgniter->run()
#9 C:\XAMPP\htdocs\pensci4\vendor\codeigniter4\framework\system\Commands\Server\rewrite.php(34): require_once('C:\\XAMPP\\htdocs...')
#10 {main}
CRITICAL - 2020-07-04 14:40:38 --> Undefined variable: title
#0 C:\XAMPP\htdocs\pensci4\app\Views\templates\base.php(21): CodeIgniter\Debug\Exceptions->errorHandler(8, 'Undefined varia...', 'C:\\XAMPP\\htdocs...', 21, Array)
#1 C:\XAMPP\htdocs\pensci4\vendor\codeigniter4\framework\system\View\View.php(246): include('C:\\XAMPP\\htdocs...')
#2 C:\XAMPP\htdocs\pensci4\vendor\codeigniter4\framework\system\View\View.php(257): CodeIgniter\View\View->render('templates/base', Array, true)
#3 C:\XAMPP\htdocs\pensci4\vendor\codeigniter4\framework\system\Common.php(1087): CodeIgniter\View\View->render('pages/beranda', Array, true)
#4 C:\XAMPP\htdocs\pensci4\app\Controllers\Pages.php(12): view('pages/beranda', Array)
#5 C:\XAMPP\htdocs\pensci4\vendor\codeigniter4\framework\system\CodeIgniter.php(914): App\Controllers\Pages->index()
#6 C:\XAMPP\htdocs\pensci4\vendor\codeigniter4\framework\system\CodeIgniter.php(400): CodeIgniter\CodeIgniter->runController(Object(App\Controllers\Pages))
#7 C:\XAMPP\htdocs\pensci4\vendor\codeigniter4\framework\system\CodeIgniter.php(308): CodeIgniter\CodeIgniter->handleRequest(NULL, Object(Config\Cache), false)
#8 C:\XAMPP\htdocs\pensci4\public\index.php(45): CodeIgniter\CodeIgniter->run()
#9 C:\XAMPP\htdocs\pensci4\vendor\codeigniter4\framework\system\Commands\Server\rewrite.php(34): require_once('C:\\XAMPP\\htdocs...')
#10 {main}
CRITICAL - 2020-07-04 14:45:28 --> syntax error, unexpected ';'
#0 C:\XAMPP\htdocs\pensci4\vendor\codeigniter4\framework\system\View\View.php(257): CodeIgniter\View\View->render('templates/base', Array, true)
#1 C:\XAMPP\htdocs\pensci4\vendor\codeigniter4\framework\system\Common.php(1087): CodeIgniter\View\View->render('pages/beranda', Array, true)
#2 C:\XAMPP\htdocs\pensci4\app\Controllers\Pages.php(14): view('pages/beranda', Array)
#3 C:\XAMPP\htdocs\pensci4\vendor\codeigniter4\framework\system\CodeIgniter.php(914): App\Controllers\Pages->index()
#4 C:\XAMPP\htdocs\pensci4\vendor\codeigniter4\framework\system\CodeIgniter.php(400): CodeIgniter\CodeIgniter->runController(Object(App\Controllers\Pages))
#5 C:\XAMPP\htdocs\pensci4\vendor\codeigniter4\framework\system\CodeIgniter.php(308): CodeIgniter\CodeIgniter->handleRequest(NULL, Object(Config\Cache), false)
#6 C:\XAMPP\htdocs\pensci4\public\index.php(45): CodeIgniter\CodeIgniter->run()
#7 C:\XAMPP\htdocs\pensci4\vendor\codeigniter4\framework\system\Commands\Server\rewrite.php(34): require_once('C:\\XAMPP\\htdocs...')
#8 {main}
CRITICAL - 2020-07-04 14:59:28 --> Undefined variable: page_name
#0 C:\XAMPP\htdocs\pensci4\app\Views\partials\_navbar.php(44): CodeIgniter\Debug\Exceptions->errorHandler(8, 'Undefined varia...', 'C:\\XAMPP\\htdocs...', 44, Array)
#1 C:\XAMPP\htdocs\pensci4\vendor\codeigniter4\framework\system\View\View.php(246): include('C:\\XAMPP\\htdocs...')
#2 C:\XAMPP\htdocs\pensci4\vendor\codeigniter4\framework\system\View\View.php(525): CodeIgniter\View\View->render('partials/_navba...', NULL, true)
#3 C:\XAMPP\htdocs\pensci4\app\Views\templates\base.php(25): CodeIgniter\View\View->include('partials/_navba...')
#4 C:\XAMPP\htdocs\pensci4\vendor\codeigniter4\framework\system\View\View.php(246): include('C:\\XAMPP\\htdocs...')
#5 C:\XAMPP\htdocs\pensci4\vendor\codeigniter4\framework\system\View\View.php(257): CodeIgniter\View\View->render('templates/base', Array, true)
#6 C:\XAMPP\htdocs\pensci4\vendor\codeigniter4\framework\system\Common.php(1087): CodeIgniter\View\View->render('pages/beranda', Array, true)
#7 C:\XAMPP\htdocs\pensci4\app\Controllers\Pages.php(14): view('pages/beranda', Array)
#8 C:\XAMPP\htdocs\pensci4\vendor\codeigniter4\framework\system\CodeIgniter.php(914): App\Controllers\Pages->index()
#9 C:\XAMPP\htdocs\pensci4\vendor\codeigniter4\framework\system\CodeIgniter.php(400): CodeIgniter\CodeIgniter->runController(Object(App\Controllers\Pages))
#10 C:\XAMPP\htdocs\pensci4\vendor\codeigniter4\framework\system\CodeIgniter.php(308): CodeIgniter\CodeIgniter->handleRequest(NULL, Object(Config\Cache), false)
#11 C:\XAMPP\htdocs\pensci4\public\index.php(45): CodeIgniter\CodeIgniter->run()
#12 C:\XAMPP\htdocs\pensci4\vendor\codeigniter4\framework\system\Commands\Server\rewrite.php(34): require_once('C:\\XAMPP\\htdocs...')
#13 {main}
CRITICAL - 2020-07-04 15:20:29 --> Invalid file: admin/.php
#0 C:\XAMPP\htdocs\pensci4\vendor\codeigniter4\framework\system\View\View.php(228): CodeIgniter\Exceptions\FrameworkException::forInvalidFile('admin/.php')
#1 C:\XAMPP\htdocs\pensci4\vendor\codeigniter4\framework\system\Common.php(1087): CodeIgniter\View\View->render('admin/', Array, true)
#2 C:\XAMPP\htdocs\pensci4\app\Controllers\Admin.php(9): view('admin/')
#3 C:\XAMPP\htdocs\pensci4\vendor\codeigniter4\framework\system\CodeIgniter.php(914): App\Controllers\Admin->index()
#4 C:\XAMPP\htdocs\pensci4\vendor\codeigniter4\framework\system\CodeIgniter.php(400): CodeIgniter\CodeIgniter->runController(Object(App\Controllers\Admin))
#5 C:\XAMPP\htdocs\pensci4\vendor\codeigniter4\framework\system\CodeIgniter.php(308): CodeIgniter\CodeIgniter->handleRequest(NULL, Object(Config\Cache), false)
#6 C:\XAMPP\htdocs\pensci4\public\index.php(45): CodeIgniter\CodeIgniter->run()
#7 C:\XAMPP\htdocs\pensci4\vendor\codeigniter4\framework\system\Commands\Server\rewrite.php(34): require_once('C:\\XAMPP\\htdocs...')
#8 {main}
